# JRE version: OpenJDK Runtime Environment Temurin-21.0.10+7 (21.0.10+7) (build 21.0.10+7-LTS)
# Java VM: OpenJDK 64-Bit Server VM Temurin-21.0.10+7 (21.0.10+7-LTS, mixed mode, sharing, tiered, compressed oops, compressed class ptrs, parallel gc, windows-amd64)
GC Precious Log:
 CardTable entry size: 512
 CPUs: 16 total, 16 available
 Memory: 16091M
 Large Page Support: Disabled
 NUMA Support: Disabled
 Compressed Oops: Enabled (32-bit)
 Alignments: Space 512K, Generation 512K, Heap 2M
 Heap Min Capacity: 100M
 Heap Initial Capacity: 100M
 Heap Max Capacity: 2G
 Pre-touch: Disabled
 Parallel Workers: 13
Heap:
 PSYoungGen      total 23552K, used 14558K [0x00000000d5580000, 0x00000000d7400000, 0x0000000100000000)
  eden space 22016K, 59% used [0x00000000d5580000,0x00000000d6238850,0x00000000d6b00000)
  from space 1536K, 99% used [0x00000000d6e00000,0x00000000d6f7f300,0x00000000d6f80000)
  to   space 4608K, 0% used [0x00000000d6f80000,0x00000000d6f80000,0x00000000d7400000)
 ParOldGen       total 68608K, used 21163K [0x0000000080000000, 0x0000000084300000, 0x00000000d5580000)
  object space 68608K, 30% used [0x0000000080000000,0x00000000814aadd8,0x0000000084300000)
 Metaspace       used 14286K, committed 14976K, reserved 1114112K
  class space    used 1281K, committed 1536K, reserved 1048576K
GC Heap History (20 events):
Event: 45.151 GC heap before
{Heap before GC invocations=4 (full 0):
 PSYoungGen      total 29696K, used 29692K [0x00000000d5580000, 0x00000000d7680000, 0x0000000100000000)
  eden space 25600K, 100% used [0x00000000d5580000,0x00000000d6e80000,0x00000000d6e80000)
  from space 4096K, 99% used [0x00000000d6e80000,0x00000000d727f1f8,0x00000000d7280000)
  to   space 4096K, 0% used [0x00000000d7280000,0x00000000d7280000,0x00000000d7680000)
 ParOldGen       total 68608K, used 4499K [0x0000000080000000, 0x0000000084300000, 0x00000000d5580000)
  object space 68608K, 6% used [0x0000000080000000,0x0000000080464c90,0x0000000084300000)
 Metaspace       used 6462K, committed 6784K, reserved 1114112K
  class space    used 559K, committed 704K, reserved 1048576K
}
Event: 45.161 GC heap after
{Heap after GC invocations=4 (full 0):
 PSYoungGen      total 29696K, used 4065K [0x00000000d5580000, 0x00000000d7680000, 0x0000000100000000)
  eden space 25600K, 0% used [0x00000000d5580000,0x00000000d5580000,0x00000000d6e80000)
  from space 4096K, 99% used [0x00000000d7280000,0x00000000d76784f8,0x00000000d7680000)
  to   space 4096K, 0% used [0x00000000d6e80000,0x00000000d6e80000,0x00000000d7280000)
 ParOldGen       total 68608K, used 6937K [0x0000000080000000, 0x0000000084300000, 0x00000000d5580000)
  object space 68608K, 10% used [0x0000000080000000,0x00000000806c6488,0x0000000084300000)
 Metaspace       used 6462K, committed 6784K, reserved 1114112K
  class space    used 559K, committed 704K, reserved 1048576K
}
Event: 45.924 GC heap before
{Heap before GC invocations=5 (full 0):
 PSYoungGen      total 29696K, used 29624K [0x00000000d5580000, 0x00000000d7680000, 0x0000000100000000)
  eden space 25600K, 99% used [0x00000000d5580000,0x00000000d6e75dc0,0x00000000d6e80000)
  from space 4096K, 99% used [0x00000000d7280000,0x00000000d76784f8,0x00000000d7680000)
  to   space 4096K, 0% used [0x00000000d6e80000,0x00000000d6e80000,0x00000000d7280000)
 ParOldGen       total 68608K, used 6937K [0x0000000080000000, 0x0000000084300000, 0x00000000d5580000)
  object space 68608K, 10% used [0x0000000080000000,0x00000000806c6488,0x0000000084300000)
 Metaspace       used 7536K, committed 7936K, reserved 1114112K
  class space    used 653K, committed 832K, reserved 1048576K
}
Event: 45.930 GC heap after
{Heap after GC invocations=5 (full 0):
 PSYoungGen      total 29184K, used 4070K [0x00000000d5580000, 0x00000000d7900000, 0x0000000100000000)
  eden space 25088K, 0% used [0x00000000d5580000,0x00000000d5580000,0x00000000d6e00000)
  from space 4096K, 99% used [0x00000000d6e80000,0x00000000d7279bf8,0x00000000d7280000)
  to   space 5632K, 0% used [0x00000000d7380000,0x00000000d7380000,0x00000000d7900000)
 ParOldGen       total 68608K, used 7961K [0x0000000080000000, 0x0000000084300000, 0x00000000d5580000)
  object space 68608K, 11% used [0x0000000080000000,0x00000000807c64b8,0x0000000084300000)
 Metaspace       used 7536K, committed 7936K, reserved 1114112K
  class space    used 653K, committed 832K, reserved 1048576K
}
Event: 46.526 GC heap before
{Heap before GC invocations=6 (full 0):
 PSYoungGen      total 29184K, used 29123K [0x00000000d5580000, 0x00000000d7900000, 0x0000000100000000)
  eden space 25088K, 99% used [0x00000000d5580000,0x00000000d6df7040,0x00000000d6e00000)
  from space 4096K, 99% used [0x00000000d6e80000,0x00000000d7279bf8,0x00000000d7280000)
  to   space 5632K, 0% used [0x00000000d7380000,0x00000000d7380000,0x00000000d7900000)
 ParOldGen       total 68608K, used 7961K [0x0000000080000000, 0x0000000084300000, 0x00000000d5580000)
  object space 68608K, 11% used [0x0000000080000000,0x00000000807c64b8,0x0000000084300000)
 Metaspace       used 8847K, committed 9344K, reserved 1114112K
  class space    used 792K, committed 960K, reserved 1048576K
}
Event: 46.532 GC heap after
{Heap after GC invocations=6 (full 0):
 PSYoungGen      total 29696K, used 5113K [0x00000000d5580000, 0x00000000d7880000, 0x0000000100000000)
  eden space 24576K, 0% used [0x00000000d5580000,0x00000000d5580000,0x00000000d6d80000)
  from space 5120K, 99% used [0x00000000d7380000,0x00000000d787e698,0x00000000d7880000)
  to   space 5632K, 0% used [0x00000000d6d80000,0x00000000d6d80000,0x00000000d7300000)
 ParOldGen       total 68608K, used 7969K [0x0000000080000000, 0x0000000084300000, 0x00000000d5580000)
  object space 68608K, 11% used [0x0000000080000000,0x00000000807c84b8,0x0000000084300000)
 Metaspace       used 8847K, committed 9344K, reserved 1114112K
  class space    used 792K, committed 960K, reserved 1048576K
}
Event: 46.976 GC heap before
{Heap before GC invocations=7 (full 0):
 PSYoungGen      total 29696K, used 29689K [0x00000000d5580000, 0x00000000d7880000, 0x0000000100000000)
  eden space 24576K, 100% used [0x00000000d5580000,0x00000000d6d80000,0x00000000d6d80000)
  from space 5120K, 99% used [0x00000000d7380000,0x00000000d787e698,0x00000000d7880000)
  to   space 5632K, 0% used [0x00000000d6d80000,0x00000000d6d80000,0x00000000d7300000)
 ParOldGen       total 68608K, used 7969K [0x0000000080000000, 0x0000000084300000, 0x00000000d5580000)
  object space 68608K, 11% used [0x0000000080000000,0x00000000807c84b8,0x0000000084300000)
 Metaspace       used 9478K, committed 9984K, reserved 1114112K
  class space    used 837K, committed 1024K, reserved 1048576K
}
Event: 46.983 GC heap after
{Heap after GC invocations=7 (full 0):
 PSYoungGen      total 29184K, used 4730K [0x00000000d5580000, 0x00000000d7700000, 0x0000000100000000)
  eden space 24064K, 0% used [0x00000000d5580000,0x00000000d5580000,0x00000000d6d00000)
  from space 5120K, 92% used [0x00000000d6d80000,0x00000000d721e9c0,0x00000000d7280000)
  to   space 4608K, 0% used [0x00000000d7280000,0x00000000d7280000,0x00000000d7700000)
 ParOldGen       total 68608K, used 9814K [0x0000000080000000, 0x0000000084300000, 0x00000000d5580000)
  object space 68608K, 14% used [0x0000000080000000,0x0000000080995ad0,0x0000000084300000)
 Metaspace       used 9478K, committed 9984K, reserved 1114112K
  class space    used 837K, committed 1024K, reserved 1048576K
}
Event: 47.223 GC heap before
{Heap before GC invocations=8 (full 0):
 PSYoungGen      total 29184K, used 28794K [0x00000000d5580000, 0x00000000d7700000, 0x0000000100000000)
  eden space 24064K, 100% used [0x00000000d5580000,0x00000000d6d00000,0x00000000d6d00000)
  from space 5120K, 92% used [0x00000000d6d80000,0x00000000d721e9c0,0x00000000d7280000)
  to   space 4608K, 0% used [0x00000000d7280000,0x00000000d7280000,0x00000000d7700000)
 ParOldGen       total 68608K, used 9814K [0x0000000080000000, 0x0000000084300000, 0x00000000d5580000)
  object space 68608K, 14% used [0x0000000080000000,0x0000000080995ad0,0x0000000084300000)
 Metaspace       used 10503K, committed 11072K, reserved 1114112K
  class space    used 920K, committed 1152K, reserved 1048576K
}
Event: 47.227 GC heap after
{Heap after GC invocations=8 (full 0):
 PSYoungGen      total 27648K, used 3838K [0x00000000d5580000, 0x00000000d7680000, 0x0000000100000000)
  eden space 23552K, 0% used [0x00000000d5580000,0x00000000d5580000,0x00000000d6c80000)
  from space 4096K, 93% used [0x00000000d7280000,0x00000000d763fb10,0x00000000d7680000)
  to   space 4608K, 0% used [0x00000000d6d80000,0x00000000d6d80000,0x00000000d7200000)
 ParOldGen       total 68608K, used 10864K [0x0000000080000000, 0x0000000084300000, 0x00000000d5580000)
  object space 68608K, 15% used [0x0000000080000000,0x0000000080a9c2f0,0x0000000084300000)
 Metaspace       used 10503K, committed 11072K, reserved 1114112K
  class space    used 920K, committed 1152K, reserved 1048576K
}
Event: 47.368 GC heap before
{Heap before GC invocations=9 (full 0):
 PSYoungGen      total 27648K, used 27390K [0x00000000d5580000, 0x00000000d7680000, 0x0000000100000000)
  eden space 23552K, 100% used [0x00000000d5580000,0x00000000d6c80000,0x00000000d6c80000)
  from space 4096K, 93% used [0x00000000d7280000,0x00000000d763fb10,0x00000000d7680000)
  to   space 4608K, 0% used [0x00000000d6d80000,0x00000000d6d80000,0x00000000d7200000)
 ParOldGen       total 68608K, used 10864K [0x0000000080000000, 0x0000000084300000, 0x00000000d5580000)
  object space 68608K, 15% used [0x0000000080000000,0x0000000080a9c2f0,0x0000000084300000)
 Metaspace       used 11373K, committed 11904K, reserved 1114112K
  class space    used 990K, committed 1216K, reserved 1048576K
}
Event: 47.373 GC heap after
{Heap after GC invocations=9 (full 0):
 PSYoungGen      total 27136K, used 3744K [0x00000000d5580000, 0x00000000d7400000, 0x0000000100000000)
  eden space 23040K, 0% used [0x00000000d5580000,0x00000000d5580000,0x00000000d6c00000)
  from space 4096K, 91% used [0x00000000d6d80000,0x00000000d71280a8,0x00000000d7180000)
  to   space 2560K, 0% used [0x00000000d7180000,0x00000000d7180000,0x00000000d7400000)
 ParOldGen       total 68608K, used 12794K [0x0000000080000000, 0x0000000084300000, 0x00000000d5580000)
  object space 68608K, 18% used [0x0000000080000000,0x0000000080c7ebe8,0x0000000084300000)
 Metaspace       used 11373K, committed 11904K, reserved 1114112K
  class space    used 990K, committed 1216K, reserved 1048576K
}
Event: 47.892 GC heap before
{Heap before GC invocations=10 (full 0):
 PSYoungGen      total 27136K, used 26784K [0x00000000d5580000, 0x00000000d7400000, 0x0000000100000000)
  eden space 23040K, 100% used [0x00000000d5580000,0x00000000d6c00000,0x00000000d6c00000)
  from space 4096K, 91% used [0x00000000d6d80000,0x00000000d71280a8,0x00000000d7180000)
  to   space 2560K, 0% used [0x00000000d7180000,0x00000000d7180000,0x00000000d7400000)
 ParOldGen       total 68608K, used 12794K [0x0000000080000000, 0x0000000084300000, 0x00000000d5580000)
  object space 68608K, 18% used [0x0000000080000000,0x0000000080c7ebe8,0x0000000084300000)
 Metaspace       used 11923K, committed 12608K, reserved 1114112K
  class space    used 1035K, committed 1344K, reserved 1048576K
}
Event: 47.897 GC heap after
{Heap after GC invocations=10 (full 0):
 PSYoungGen      total 25088K, used 2527K [0x00000000d5580000, 0x00000000d7400000, 0x0000000100000000)
  eden space 22528K, 0% used [0x00000000d5580000,0x00000000d5580000,0x00000000d6b80000)
  from space 2560K, 98% used [0x00000000d7180000,0x00000000d73f7f58,0x00000000d7400000)
  to   space 3072K, 0% used [0x00000000d6e00000,0x00000000d6e00000,0x00000000d7100000)
 ParOldGen       total 68608K, used 15272K [0x0000000080000000, 0x0000000084300000, 0x00000000d5580000)
  object space 68608K, 22% used [0x0000000080000000,0x0000000080eea148,0x0000000084300000)
 Metaspace       used 11923K, committed 12608K, reserved 1114112K
  class space    used 1035K, committed 1344K, reserved 1048576K
}
Event: 48.165 GC heap before
{Heap before GC invocations=11 (full 0):
 PSYoungGen      total 25088K, used 25052K [0x00000000d5580000, 0x00000000d7400000, 0x0000000100000000)
  eden space 22528K, 99% used [0x00000000d5580000,0x00000000d6b7f110,0x00000000d6b80000)
  from space 2560K, 98% used [0x00000000d7180000,0x00000000d73f7f58,0x00000000d7400000)
  to   space 3072K, 0% used [0x00000000d6e00000,0x00000000d6e00000,0x00000000d7100000)
 ParOldGen       total 68608K, used 15272K [0x0000000080000000, 0x0000000084300000, 0x00000000d5580000)
  object space 68608K, 22% used [0x0000000080000000,0x0000000080eea148,0x0000000084300000)
 Metaspace       used 12250K, committed 12928K, reserved 1114112K
  class space    used 1086K, committed 1408K, reserved 1048576K
}
Event: 48.170 GC heap after
{Heap after GC invocations=11 (full 0):
 PSYoungGen      total 23552K, used 1416K [0x00000000d5580000, 0x00000000d7200000, 0x0000000100000000)
  eden space 22016K, 0% used [0x00000000d5580000,0x00000000d5580000,0x00000000d6b00000)
  from space 1536K, 92% used [0x00000000d6e00000,0x00000000d6f62238,0x00000000d6f80000)
  to   space 2048K, 0% used [0x00000000d7000000,0x00000000d7000000,0x00000000d7200000)
 ParOldGen       total 68608K, used 17625K [0x0000000080000000, 0x0000000084300000, 0x00000000d5580000)
  object space 68608K, 25% used [0x0000000080000000,0x00000000811367c8,0x0000000084300000)
 Metaspace       used 12250K, committed 12928K, reserved 1114112K
  class space    used 1086K, committed 1408K, reserved 1048576K
}
Event: 48.383 GC heap before
{Heap before GC invocations=12 (full 0):
 PSYoungGen      total 23552K, used 23432K [0x00000000d5580000, 0x00000000d7200000, 0x0000000100000000)
  eden space 22016K, 99% used [0x00000000d5580000,0x00000000d6afffe8,0x00000000d6b00000)
  from space 1536K, 92% used [0x00000000d6e00000,0x00000000d6f62238,0x00000000d6f80000)
  to   space 2048K, 0% used [0x00000000d7000000,0x00000000d7000000,0x00000000d7200000)
 ParOldGen       total 68608K, used 17625K [0x0000000080000000, 0x0000000084300000, 0x00000000d5580000)
  object space 68608K, 25% used [0x0000000080000000,0x00000000811367c8,0x0000000084300000)
 Metaspace       used 13169K, committed 13824K, reserved 1114112K
  class space    used 1184K, committed 1472K, reserved 1048576K
}
Event: 48.388 GC heap after
{Heap after GC invocations=12 (full 0):
 PSYoungGen      total 23552K, used 1309K [0x00000000d5580000, 0x00000000d7180000, 0x0000000100000000)
  eden space 22016K, 0% used [0x00000000d5580000,0x00000000d5580000,0x00000000d6b00000)
  from space 1536K, 85% used [0x00000000d7000000,0x00000000d71476b0,0x00000000d7180000)
  to   space 1536K, 0% used [0x00000000d6e00000,0x00000000d6e00000,0x00000000d6f80000)
 ParOldGen       total 68608K, used 18765K [0x0000000080000000, 0x0000000084300000, 0x00000000d5580000)
  object space 68608K, 27% used [0x0000000080000000,0x00000000812536e8,0x0000000084300000)
 Metaspace       used 13169K, committed 13824K, reserved 1114112K
  class space    used 1184K, committed 1472K, reserved 1048576K
}
Event: 48.546 GC heap before
{Heap before GC invocations=13 (full 0):
 PSYoungGen      total 23552K, used 23325K [0x00000000d5580000, 0x00000000d7180000, 0x0000000100000000)
  eden space 22016K, 100% used [0x00000000d5580000,0x00000000d6b00000,0x00000000d6b00000)
  from space 1536K, 85% used [0x00000000d7000000,0x00000000d71476b0,0x00000000d7180000)
  to   space 1536K, 0% used [0x00000000d6e00000,0x00000000d6e00000,0x00000000d6f80000)
 ParOldGen       total 68608K, used 18765K [0x0000000080000000, 0x0000000084300000, 0x00000000d5580000)
  object space 68608K, 27% used [0x0000000080000000,0x00000000812536e8,0x0000000084300000)
 Metaspace       used 13916K, committed 14656K, reserved 1114112K
  class space    used 1246K, committed 1536K, reserved 1048576K
}
Event: 48.550 GC heap after
{Heap after GC invocations=13 (full 0):
 PSYoungGen      total 23552K, used 1532K [0x00000000d5580000, 0x00000000d7400000, 0x0000000100000000)
  eden space 22016K, 0% used [0x00000000d5580000,0x00000000d5580000,0x00000000d6b00000)
  from space 1536K, 99% used [0x00000000d6e00000,0x00000000d6f7f300,0x00000000d6f80000)
  to   space 4608K, 0% used [0x00000000d6f80000,0x00000000d6f80000,0x00000000d7400000)
 ParOldGen       total 68608K, used 21163K [0x0000000080000000, 0x0000000084300000, 0x00000000d5580000)
  object space 68608K, 30% used [0x0000000080000000,0x00000000814aadd8,0x0000000084300000)
 Metaspace       used 13916K, committed 14656K, reserved 1114112K
  class space    used 1246K, committed 1536K, reserved 1048576K
}

